[2025-02-15 06:34:09] WARNING: Scheduled backup started.
[2025-02-15 01:52:22] INFO: CPU usage returned to normal (30%).
[2025-02-14 22:34:22] DEBUG: High CPU usage detected (90%). Investigating...
[2025-02-15 06:51:47] ERROR: SSH service started.
[2025-02-15 04:03:05] ERROR: Attempting to reconnect...
[2025-02-15 16:15:40] INFO: System boot complete.
[2025-02-15 13:57:35] DEBUG: Loading kernel modules...
[2025-02-15 18:04:14] DEBUG: Loading kernel modules...
[2025-02-15 19:42:59] DEBUG: User 'john.doe' logged in from 233.162.16.191.
[2025-02-15 21:11:52] INFO: Initiating disk cleanup...
[2025-02-15 11:45:07] INFO: Request completed.
[2025-02-15 10:15:15] WARNING: Cleaning up temporary files...
[2025-02-15 06:51:25] WARNING: Backup complete.
[2025-02-15 01:42:48] INFO: System boot complete.
[2025-02-15 14:42:34] WARNING: User 'sarah.williams' logged out.
[2025-02-15 10:10:22] DEBUG: Maintenance tasks complete.
[2025-02-15 13:44:19] ERROR: Process 'java' consuming excessive CPU.
[2025-02-15 14:13:55] INFO: Updating system packages...
[2025-02-15 01:36:29] INFO: High CPU usage detected (90%). Investigating...
[2025-02-14 23:25:02] INFO: Web server (Apache) started on port 80.
[2025-02-15 03:21:57] INFO: SSH service started.
[2025-02-15 14:46:11] INFO: Process 'java' consuming excessive CPU.
[2025-02-15 16:14:39] ERROR: Scheduled backup started.
[2025-02-15 00:59:33] ERROR: Updating system packages...
[2025-02-15 22:01:11] INFO: Removed old log files.
[2025-02-15 13:27:02] WARNING: Disk space low on /var partition (85% used).
[2025-02-15 10:25:48] ERROR: Backing up web server files...
[2025-02-15 16:22:21] INFO: Processing request...
[2025-02-15 11:24:53] DEBUG: Backing up web server files...
[2025-02-15 09:14:01] INFO: Initiating disk cleanup...
[2025-02-15 20:19:20] WARNING: SSH service started.
[2025-02-15 09:18:04] WARNING: Request completed.
[2025-02-15 00:35:26] DEBUG: User 'david.lee' accessed file '/home/john/documents/report.pdf'.
[2025-02-15 06:23:30] INFO: Reconnection successful.
[2025-02-15 05:06:21] WARNING: System boot complete.
[2025-02-15 11:09:07] WARNING: Backing up database...
[2025-02-15 03:09:18] INFO: CPU usage returned to normal (30%).
[2025-02-15 07:40:19] DEBUG: Loading kernel modules...
[2025-02-15 13:42:51] ERROR: SSH service started.
[2025-02-15 07:31:13] INFO: System boot complete.
[2025-02-15 00:07:37] ERROR: Disk space usage reduced to 70%.
[2025-02-15 05:27:03] INFO: System maintenance tasks started.
[2025-02-15 09:26:48] DEBUG: Processing request...
[2025-02-15 17:16:11] DEBUG: Backup complete.
[2025-02-15 19:49:54] INFO: High CPU usage detected (90%). Investigating...
[2025-02-15 18:18:54] DEBUG: Connection to database server lost.
[2025-02-15 17:08:01] ERROR: Maintenance tasks complete.
[2025-02-15 16:56:24] WARNING: Cleaning up temporary files...
[2025-02-14 22:16:55] WARNING: Restarting process 'java'...
[2025-02-15 15:41:59] DEBUG: Network interface eth0 configured.
[2025-02-15 09:56:24] ERROR: Attempting to reconnect...
[2025-02-15 15:51:40] WARNING: Web server (Apache) started on port 80.
[2025-02-15 02:06:31] WARNING: Maintenance tasks complete.
[2025-02-14 22:25:51] DEBUG: System maintenance tasks started.
[2025-02-15 01:40:20] DEBUG: User 'jane.doe' accessed file '/var/log/syslog'.
[2025-02-15 05:28:48] ERROR: Updating system packages...
[2025-02-15 20:24:09] ERROR: Disk space low on /var partition (85% used).
[2025-02-15 17:53:20] INFO: Maintenance tasks complete.
[2025-02-15 05:03:13] INFO: System startup initiated.
[2025-02-15 02:39:31] DEBUG: Received request from 65.253.170.175 for /api/v1/users.
[2025-02-15 19:35:29] INFO: Received request from 252.40.213.104 for /api/v1/users.
[2025-02-15 17:46:06] INFO: Disk space usage reduced to 70%.
[2025-02-15 00:23:01] DEBUG: High CPU usage detected (90%). Investigating...
[2025-02-15 09:29:18] INFO: SSH service started.
[2025-02-15 02:43:18] INFO: System maintenance tasks started.
[2025-02-15 06:41:01] INFO: Database server (MySQL) started.
[2025-02-15 10:00:29] ERROR: System startup initiated.
[2025-02-14 23:51:29] ERROR: Updating system packages...
[2025-02-15 11:13:35] ERROR: Reconnection successful.
[2025-02-15 05:14:30] ERROR: Reconnection successful.
[2025-02-15 11:38:35] DEBUG: Database server (MySQL) started.
[2025-02-15 06:52:10] DEBUG: Received request from 81.18.210.162 for /api/v1/users.
[2025-02-15 09:19:27] ERROR: System maintenance tasks started.
[2025-02-15 21:47:22] WARNING: User 'sarah.williams' logged out.
[2025-02-15 04:19:26] WARNING: Backing up web server files...
[2025-02-15 13:07:17] ERROR: Received request from 1.164.207.142 for /api/v1/users.
[2025-02-15 20:25:51] ERROR: Restarting process 'java'...
[2025-02-15 19:36:12] INFO: User 'jane.doe' logged out.
[2025-02-15 08:18:37] ERROR: Loading kernel modules...
[2025-02-15 06:33:56] WARNING: Backup complete.
[2025-02-15 15:58:34] INFO: Cleaning up temporary files...
[2025-02-14 23:52:33] ERROR: Reconnection successful.
[2025-02-15 08:04:13] WARNING: Loading kernel modules...
[2025-02-15 17:50:09] DEBUG: Updating system packages...
[2025-02-15 13:56:42] INFO: Request completed.
[2025-02-15 04:15:41] WARNING: CPU usage returned to normal (30%).
[2025-02-15 07:12:21] WARNING: Initiating disk cleanup...
[2025-02-15 15:02:57] WARNING: Web server (Apache) started on port 80.
[2025-02-15 04:32:03] DEBUG: Backing up database...
[2025-02-15 14:24:41] ERROR: Updating system packages...
[2025-02-15 10:43:20] ERROR: Database server (MySQL) started.
[2025-02-15 10:25:06] ERROR: Scheduled backup started.
[2025-02-15 10:57:53] DEBUG: Connection to database server lost.
[2025-02-15 09:59:46] ERROR: Received request from 71.30.43.194 for /api/v1/users.
[2025-02-15 14:56:42] WARNING: Initiating disk cleanup...
[2025-02-15 15:06:48] ERROR: System maintenance tasks started.
[2025-02-15 21:35:08] ERROR: Reconnection successful.
[2025-02-15 13:23:38] ERROR: Removed old log files.
[2025-02-15 12:45:45] DEBUG: User 'david.lee' logged out.
[2025-02-15 10:09:09] WARNING: Network interface eth0 configured.
[2025-02-15 16:42:21] ERROR: User 'alice.johnson' logged out.
[2025-02-15 05:41:12] INFO: Initiating disk cleanup...
[2025-02-15 21:40:42] DEBUG: Scheduled backup started.
[2025-02-15 15:00:04] INFO: Cleaning up temporary files...
[2025-02-15 09:19:43] WARNING: Processing request...
[2025-02-15 03:57:09] WARNING: System boot complete.
[2025-02-15 01:46:00] INFO: Request completed.
[2025-02-15 22:15:37] INFO: Updating system packages...
[2025-02-15 16:35:18] ERROR: Processing request...
[2025-02-15 11:56:36] WARNING: User 'jane.doe' logged in from 115.127.19.12.
[2025-02-15 08:58:07] INFO: Removed old log files.
[2025-02-15 06:09:48] ERROR: Backup complete.
[2025-02-15 07:02:27] DEBUG: User 'david.lee' accessed file '/home/bob/documents/report.pdf'.
[2025-02-15 05:05:21] WARNING: User 'john.doe' logged out.
[2025-02-15 06:32:35] DEBUG: System boot complete.
[2025-02-15 01:02:36] WARNING: Backing up web server files...
[2025-02-15 15:34:29] DEBUG: Scheduled backup started.
[2025-02-15 11:44:35] DEBUG: System startup initiated.
[2025-02-15 21:37:56] DEBUG: Disk space low on /var partition (85% used).
[2025-02-15 19:57:20] DEBUG: CPU usage returned to normal (30%).
[2025-02-15 04:27:43] DEBUG: User 'john.doe' logged in from 180.56.171.191.
[2025-02-15 07:12:56] ERROR: Network interface eth0 configured.
[2025-02-15 06:40:30] ERROR: Removed old log files.
[2025-02-14 23:27:36] INFO: Updating system packages...
[2025-02-15 10:27:01] DEBUG: Backing up web server files...
[2025-02-15 03:19:01] INFO: User 'bob.smith' logged out.
[2025-02-15 14:00:57] DEBUG: Connection to database server lost.
[2025-02-15 03:49:56] DEBUG: Disk space usage reduced to 70%.
[2025-02-15 02:39:30] WARNING: Received request from 30.227.73.219 for /api/v1/users.
[2025-02-15 12:51:56] ERROR: Removed old log files.
[2025-02-14 23:09:11] WARNING: Reconnection successful.
[2025-02-15 02:43:12] ERROR: User 'alice.johnson' accessed file '/etc/apache2/apache2.conf'.
[2025-02-15 07:03:01] ERROR: Updating system packages...
[2025-02-15 09:52:34] INFO: Cleaning up temporary files...
[2025-02-15 15:11:32] WARNING: Cleaning up temporary files...
[2025-02-15 11:28:07] INFO: Connection to database server lost.
[2025-02-15 03:33:28] WARNING: Backing up database...
[2025-02-15 00:34:18] WARNING: Reconnection successful.
[2025-02-15 05:14:02] DEBUG: Network interface eth0 configured.
[2025-02-14 23:33:13] DEBUG: Attempting to reconnect...
[2025-02-15 20:59:29] INFO: Scheduled backup started.
[2025-02-15 10:16:07] DEBUG: Reconnection successful.
[2025-02-15 16:33:12] DEBUG: Backing up web server files...
[2025-02-15 16:10:50] WARNING: User 'alice.johnson' accessed file '/var/log/syslog'.
[2025-02-15 15:58:54] DEBUG: User 'david.lee' logged out.
[2025-02-14 22:40:14] DEBUG: Backing up web server files...
[2025-02-15 14:44:13] WARNING: System maintenance tasks started.
[2025-02-15 00:06:10] DEBUG: Disk space usage reduced to 70%.
[2025-02-15 14:33:58] ERROR: Disk space usage reduced to 70%.
[2025-02-15 07:43:18] WARNING: Updating system packages...
[2025-02-15 20:33:12] WARNING: Maintenance tasks complete.
[2025-02-15 14:06:14] INFO: Initiating disk cleanup...
[2025-02-15 11:49:50] WARNING: Database server (MySQL) started.
[2025-02-15 13:53:00] DEBUG: Web server (Apache) started on port 80.
[2025-02-15 17:48:07] ERROR: Backing up web server files...
[2025-02-15 19:20:37] DEBUG: Backing up database...
[2025-02-15 04:43:23] INFO: Disk space usage reduced to 70%.
[2025-02-15 09:20:53] INFO: CPU usage returned to normal (30%).
[2025-02-15 13:51:05] INFO: SSH service started.
[2025-02-15 14:37:21] ERROR: Database server (MySQL) started.
[2025-02-15 02:31:52] ERROR: Initiating disk cleanup...
[2025-02-15 21:01:29] INFO: Web server (Apache) started on port 80.
[2025-02-15 11:10:54] DEBUG: Backing up web server files...
[2025-02-15 16:51:00] WARNING: System startup initiated.
[2025-02-15 16:54:22] DEBUG: System startup initiated.
[2025-02-15 07:47:33] INFO: Backing up database...
[2025-02-15 10:38:18] ERROR: System maintenance tasks started.
[2025-02-15 07:44:57] DEBUG: System maintenance tasks started.
[2025-02-15 20:47:59] DEBUG: System startup initiated.
[2025-02-15 04:05:18] INFO: CPU usage returned to normal (30%).
[2025-02-15 03:53:37] INFO: SSH service started.
[2025-02-15 16:14:16] INFO: User 'bob.smith' accessed file '/home/sarah/documents/report.pdf'.
[2025-02-15 04:32:45] WARNING: Backing up database...
[2025-02-15 06:44:54] INFO: Disk space usage reduced to 70%.
[2025-02-15 08:51:09] WARNING: Scheduled backup started.
[2025-02-15 09:26:12] DEBUG: Disk space low on /var partition (85% used).
[2025-02-15 13:56:56] WARNING: Reconnection successful.
[2025-02-15 17:05:12] ERROR: Backing up web server files...
[2025-02-15 17:00:41] WARNING: Disk space low on /var partition (85% used).
[2025-02-15 19:16:18] WARNING: Attempting to reconnect...
[2025-02-15 04:12:14] WARNING: Received request from 218.204.34.30 for /api/v1/users.
[2025-02-15 18:39:01] ERROR: High CPU usage detected (90%). Investigating...
[2025-02-15 01:01:54] INFO: User 'bob.smith' logged in from 106.5.245.246.
[2025-02-15 01:16:40] ERROR: Connection to database server lost.
[2025-02-15 01:47:34] WARNING: User 'john.doe' accessed file '/var/log/syslog'.
[2025-02-15 13:17:52] DEBUG: System maintenance tasks started.
[2025-02-15 21:42:08] WARNING: SSH service started.
[2025-02-15 20:18:41] INFO: System startup initiated.
[2025-02-15 02:07:52] DEBUG: User 'john.doe' logged in from 148.60.66.87.
[2025-02-15 12:06:56] ERROR: Network interface eth0 configured.
[2025-02-15 20:39:26] DEBUG: Disk space low on /var partition (85% used).
[2025-02-15 17:59:39] ERROR: CPU usage returned to normal (30%).
[2025-02-15 00:03:40] ERROR: Received request from 16.96.162.85 for /api/v1/users.
[2025-02-15 13:34:11] INFO: Restarting process 'java'...
[2025-02-15 12:22:14] ERROR: Network interface eth0 configured.
[2025-02-15 00:30:08] INFO: Scheduled backup started.
[2025-02-15 17:00:45] DEBUG: SSH service started.
[2025-02-15 17:04:35] DEBUG: Network interface eth0 configured.
[2025-02-15 14:08:50] DEBUG: Updating system packages...
[2025-02-15 00:22:09] WARNING: Restarting process 'java'...
